<?xml version="1.0" encoding="UTF-8"?>
<testsuite name="com.jarvis.ai.orchestrator.OpenWhatsappVerifyTest" tests="13" skipped="0" failures="0" errors="0" timestamp="2026-08-30T10:11:42" hostname="localhost" time="0.099">
  <properties/>
  <testcase name="explicit_package_resolves" classname="com.jarvis.ai.orchestrator.OpenWhatsappVerifyTest" time="0.058"/>
  <testcase name="maps_resolves_via_label" classname="com.jarvis.ai.orchestrator.OpenWhatsappVerifyTest" time="0.001"/>
  <testcase name="whatsapp_mixed_case_resolves" classname="com.jarvis.ai.orchestrator.OpenWhatsappVerifyTest" time="0.002"/>
  <testcase name="fuzzy_package_fallback" classname="com.jarvis.ai.orchestrator.OpenWhatsappVerifyTest" time="0.001"/>
  <testcase name="classifier_feeds_resolver_end_to_end" classname="com.jarvis.ai.orchestrator.OpenWhatsappVerifyTest" time="0.021"/>
  <testcase name="one_broken_label_does_not_kill_resolution" classname="com.jarvis.ai.orchestrator.OpenWhatsappVerifyTest" time="0.0"/>
  <testcase name="classifier_close_command_end_to_end" classname="com.jarvis.ai.orchestrator.OpenWhatsappVerifyTest" time="0.0"/>
  <testcase name="chrome_resolves_via_label" classname="com.jarvis.ai.orchestrator.OpenWhatsappVerifyTest" time="0.0"/>
  <testcase name="youtube_resolves_via_label" classname="com.jarvis.ai.orchestrator.OpenWhatsappVerifyTest" time="0.002"/>
  <testcase name="open_whatsapp_prefix_resolves" classname="com.jarvis.ai.orchestrator.OpenWhatsappVerifyTest" time="0.002"/>
  <testcase name="whatsapp_lowercase_resolves" classname="com.jarvis.ai.orchestrator.OpenWhatsappVerifyTest" time="0.001"/>
  <testcase name="signal_resolves_via_label" classname="com.jarvis.ai.orchestrator.OpenWhatsappVerifyTest" time="0.0"/>
  <testcase name="unknown_app_fails" classname="com.jarvis.ai.orchestrator.OpenWhatsappVerifyTest" time="0.001"/>
  <system-out><![CDATA[]]></system-out>
  <system-err><![CDATA[]]></system-err>
</testsuite>
