<?xml version="1.0" encoding="UTF-8"?>
<testsuite name="com.jarvis.ai.accessibility.AccessibilityLogicTest" tests="7" skipped="0" failures="0" errors="0" timestamp="2026-08-30T10:11:34" hostname="localhost" time="0.193">
  <properties/>
  <testcase name="risk_defaults" classname="com.jarvis.ai.accessibility.AccessibilityLogicTest" time="0.054"/>
  <testcase name="result_needsConfirmation" classname="com.jarvis.ai.accessibility.AccessibilityLogicTest" time="0.027"/>
  <testcase name="textMatcher_exactAndCaseInsensitive" classname="com.jarvis.ai.accessibility.AccessibilityLogicTest" time="0.047"/>
  <testcase name="textMatcher_scoreBounds" classname="com.jarvis.ai.accessibility.AccessibilityLogicTest" time="0.053"/>
  <testcase name="newErrorCodes_exist" classname="com.jarvis.ai.accessibility.AccessibilityLogicTest" time="0.0"/>
  <testcase name="result_builders" classname="com.jarvis.ai.accessibility.AccessibilityLogicTest" time="0.002"/>
  <testcase name="textMatcher_fuzzy" classname="com.jarvis.ai.accessibility.AccessibilityLogicTest" time="0.002"/>
  <system-out><![CDATA[]]></system-out>
  <system-err><![CDATA[]]></system-err>
</testsuite>
